<?xml version="1.0" encoding="UTF-8"?>
<!-- Generated by org.testng.reporters.JUnitXMLReporter -->
<testsuite ignored="2" hostname="Ashton" failures="0" tests="4" name="Default test" time="12.155" errors="0" timestamp="08 Oct 2021 11:44:38 GMT">
  <testcase classname="day2.PositiveContactListTest" name="addingContact" time="2.697"/>
  <testcase classname="day2.PositiveContactListTest" name="getContactListInfo" time="8.482"/>
  <testcase classname="day2.PositiveContactListTest" name="updateContact" time="0.457"/>
  <testcase classname="day2.PositiveContactListTest" name="deleteContact" time="0.476"/>
  <testcase classname="day2.PositiveContactListTest" name="getSpecificContact2" time="0.0">
    <ignored/>
  </testcase> <!-- getSpecificContact2 -->
  <testcase classname="day2.PositiveContactListTest" name="getSpecificContact" time="0.0">
    <ignored/>
  </testcase> <!-- getSpecificContact -->
</testsuite> <!-- Default test -->
